  main.cpp
  ofApp.cpp
C:\Users\ibuki\Downloads\of_v0.9.8_vs_release (3)\of_v0.9.8_vs_release\libs\openFrameworks\utils\ofLog.h : warning C4819: ファイルは、現在のコード ページ (932) で表示できない文字を含んでいます。データの損失を防ぐために、ファイルを Unicode 形式で保存してください。 (ソース ファイルをコンパイルしています src\ofApp.cpp)
C:\Users\ibuki\Downloads\of_v0.9.8_vs_release (3)\of_v0.9.8_vs_release\libs\openFrameworks\types\ofTypes.h : warning C4819: ファイルは、現在のコード ページ (932) で表示できない文字を含んでいます。データの損失を防ぐために、ファイルを Unicode 形式で保存してください。 (ソース ファイルをコンパイルしています src\ofApp.cpp)
c:\users\ibuki\downloads\of_v0.9.8_vs_release (3)\of_v0.9.8_vs_release\libs\openframeworks\types\ofColor.h : warning C4819: ファイルは、現在のコード ページ (932) で表示できない文字を含んでいます。データの損失を防ぐために、ファイルを Unicode 形式で保存してください。 (ソース ファイルをコンパイルしています src\ofApp.cpp)
c:\users\ibuki\downloads\of_v0.9.8_vs_release (3)\of_v0.9.8_vs_release\libs\openframeworks\math\ofVec3f.h : warning C4819: ファイルは、現在のコード ページ (932) で表示できない文字を含んでいます。データの損失を防ぐために、ファイルを Unicode 形式で保存してください。 (ソース ファイルをコンパイルしています src\ofApp.cpp)
c:\users\ibuki\downloads\of_v0.9.8_vs_release (3)\of_v0.9.8_vs_release\libs\openframeworks\math\ofVec2f.h : warning C4819: ファイルは、現在のコード ページ (932) で表示できない文字を含んでいます。データの損失を防ぐために、ファイルを Unicode 形式で保存してください。 (ソース ファイルをコンパイルしています src\ofApp.cpp)
C:\Users\ibuki\Downloads\of_v0.9.8_vs_release (3)\of_v0.9.8_vs_release\libs\openFrameworks\utils\ofLog.h : warning C4819: ファイルは、現在のコード ページ (932) で表示できない文字を含んでいます。データの損失を防ぐために、ファイルを Unicode 形式で保存してください。 (ソース ファイルをコンパイルしています src\main.cpp)
C:\Users\ibuki\Downloads\of_v0.9.8_vs_release (3)\of_v0.9.8_vs_release\libs\openFrameworks\types\ofTypes.h : warning C4819: ファイルは、現在のコード ページ (932) で表示できない文字を含んでいます。データの損失を防ぐために、ファイルを Unicode 形式で保存してください。 (ソース ファイルをコンパイルしています src\main.cpp)
c:\users\ibuki\downloads\of_v0.9.8_vs_release (3)\of_v0.9.8_vs_release\libs\openframeworks\types\ofColor.h : warning C4819: ファイルは、現在のコード ページ (932) で表示できない文字を含んでいます。データの損失を防ぐために、ファイルを Unicode 形式で保存してください。 (ソース ファイルをコンパイルしています src\main.cpp)
c:\users\ibuki\downloads\of_v0.9.8_vs_release (3)\of_v0.9.8_vs_release\libs\openframeworks\math\ofVec3f.h : warning C4819: ファイルは、現在のコード ページ (932) で表示できない文字を含んでいます。データの損失を防ぐために、ファイルを Unicode 形式で保存してください。 (ソース ファイルをコンパイルしています src\main.cpp)
c:\users\ibuki\downloads\of_v0.9.8_vs_release (3)\of_v0.9.8_vs_release\libs\openframeworks\math\ofVec2f.h : warning C4819: ファイルは、現在のコード ページ (932) で表示できない文字を含んでいます。データの損失を防ぐために、ファイルを Unicode 形式で保存してください。 (ソース ファイルをコンパイルしています src\main.cpp)
c:\users\ibuki\downloads\of_v0.9.8_vs_release (3)\of_v0.9.8_vs_release\libs\openframeworks\types\ofColor.h(778): warning C4819: ファイルは、現在のコード ページ (932) で表示できない文字を含んでいます。データの損失を防ぐために、ファイルを Unicode 形式で保存してください。 (ソース ファイルをコンパイルしています src\ofApp.cpp)
c:\users\ibuki\downloads\of_v0.9.8_vs_release (3)\of_v0.9.8_vs_release\libs\openframeworks\types\ofColor.h(778): warning C4819: ファイルは、現在のコード ページ (932) で表示できない文字を含んでいます。データの損失を防ぐために、ファイルを Unicode 形式で保存してください。 (ソース ファイルをコンパイルしています src\main.cpp)
C:\Users\ibuki\Downloads\of_v0.9.8_vs_release (3)\of_v0.9.8_vs_release\libs\openFrameworks\3d\ofMesh.h : warning C4819: ファイルは、現在のコード ページ (932) で表示できない文字を含んでいます。データの損失を防ぐために、ファイルを Unicode 形式で保存してください。 (ソース ファイルをコンパイルしています src\ofApp.cpp)
C:\Users\ibuki\Downloads\of_v0.9.8_vs_release (3)\of_v0.9.8_vs_release\libs\openFrameworks\3d\ofMesh.h : warning C4819: ファイルは、現在のコード ページ (932) で表示できない文字を含んでいます。データの損失を防ぐために、ファイルを Unicode 形式で保存してください。 (ソース ファイルをコンパイルしています src\main.cpp)
C:\Users\ibuki\Downloads\of_v0.9.8_vs_release (3)\of_v0.9.8_vs_release\libs\openFrameworks\graphics\ofPolyline.h : warning C4819: ファイルは、現在のコード ページ (932) で表示できない文字を含んでいます。データの損失を防ぐために、ファイルを Unicode 形式で保存してください。 (ソース ファイルをコンパイルしています src\ofApp.cpp)
C:\Users\ibuki\Downloads\of_v0.9.8_vs_release (3)\of_v0.9.8_vs_release\libs\openFrameworks\graphics\ofPolyline.h : warning C4819: ファイルは、現在のコード ページ (932) で表示できない文字を含んでいます。データの損失を防ぐために、ファイルを Unicode 形式で保存してください。 (ソース ファイルをコンパイルしています src\main.cpp)
C:\Users\ibuki\Downloads\of_v0.9.8_vs_release (3)\of_v0.9.8_vs_release\libs\openFrameworks\graphics\ofPath.h : warning C4819: ファイルは、現在のコード ページ (932) で表示できない文字を含んでいます。データの損失を防ぐために、ファイルを Unicode 形式で保存してください。 (ソース ファイルをコンパイルしています src\ofApp.cpp)
C:\Users\ibuki\Downloads\of_v0.9.8_vs_release (3)\of_v0.9.8_vs_release\libs\openFrameworks\graphics\ofPath.h : warning C4819: ファイルは、現在のコード ページ (932) で表示できない文字を含んでいます。データの損失を防ぐために、ファイルを Unicode 形式で保存してください。 (ソース ファイルをコンパイルしています src\main.cpp)
C:\Users\ibuki\Downloads\of_v0.9.8_vs_release (3)\of_v0.9.8_vs_release\libs\openFrameworks\3d\ofCamera.h : warning C4819: ファイルは、現在のコード ページ (932) で表示できない文字を含んでいます。データの損失を防ぐために、ファイルを Unicode 形式で保存してください。 (ソース ファイルをコンパイルしています src\main.cpp)
C:\Users\ibuki\Downloads\of_v0.9.8_vs_release (3)\of_v0.9.8_vs_release\libs\openFrameworks\3d\ofEasyCam.h : warning C4819: ファイルは、現在のコード ページ (932) で表示できない文字を含んでいます。データの損失を防ぐために、ファイルを Unicode 形式で保存してください。 (ソース ファイルをコンパイルしています src\main.cpp)
C:\Users\ibuki\Downloads\of_v0.9.8_vs_release (3)\of_v0.9.8_vs_release\libs\openFrameworks\3d\ofCamera.h : warning C4819: ファイルは、現在のコード ページ (932) で表示できない文字を含んでいます。データの損失を防ぐために、ファイルを Unicode 形式で保存してください。 (ソース ファイルをコンパイルしています src\ofApp.cpp)
C:\Users\ibuki\Downloads\of_v0.9.8_vs_release (3)\of_v0.9.8_vs_release\libs\openFrameworks\3d\ofEasyCam.h : warning C4819: ファイルは、現在のコード ページ (932) で表示できない文字を含んでいます。データの損失を防ぐために、ファイルを Unicode 形式で保存してください。 (ソース ファイルをコンパイルしています src\ofApp.cpp)
  Sun.vcxproj -> C:\Users\ibuki\Downloads\of_v0.9.8_vs_release (3)\of_v0.9.8_vs_release\apps\myApps\Sun\bin\Sun_debug.exe
  Sun.vcxproj -> bin\Sun_debug.pdb (Full PDB)
  
  	                   9	C:\Users\ibuki\Downloads\of_v0.9.8_vs_release (3)\of_v0.9.8_vs_release\export\vs\Win32\
